<?xml version="1.0" encoding="UTF-8"?>
<testsuite name="Demo" tests="1" skipped="0" failures="0" errors="0" timestamp="2021-07-15T21:51:38" hostname="ASY-WIN10-22" time="3.371">
  <properties/>
  <testcase name="myTest()" classname="Demo" time="3.371"/>
  <system-out><![CDATA[Hello world
]]></system-out>
  <system-err><![CDATA[]]></system-err>
</testsuite>
